[debug] [2018-03-05T08:58:00.436Z] ----------------------------------------------------------------------
[debug] [2018-03-05T08:58:00.453Z] Command:       /usr/bin/node /usr/bin/firebase deploy
[debug] [2018-03-05T08:58:00.454Z] CLI Version:   3.17.4
[debug] [2018-03-05T08:58:00.455Z] Platform:      linux
[debug] [2018-03-05T08:58:00.455Z] Node Version:  v8.9.4
[debug] [2018-03-05T08:58:00.455Z] Time:          Mon Mar 05 2018 14:28:00 GMT+0530 (IST)
[debug] [2018-03-05T08:58:00.457Z] ----------------------------------------------------------------------
[debug] 
[debug] [2018-03-05T08:58:00.693Z] > command requires scopes: ["email","openid","https://www.googleapis.com/auth/cloudplatformprojects.readonly","https://www.googleapis.com/auth/firebase","https://www.googleapis.com/auth/cloud-platform"]
[debug] [2018-03-05T08:58:00.694Z] > authorizing via signed-in user
[debug] [2018-03-05T08:58:00.710Z] > refreshing access token with scopes: ["email","https://www.googleapis.com/auth/cloud-platform","https://www.googleapis.com/auth/cloudplatformprojects.readonly","https://www.googleapis.com/auth/firebase","openid"]
[debug] [2018-03-05T08:58:00.714Z] >>> HTTP REQUEST POST https://www.googleapis.com/oauth2/v3/token  
 { refresh_token: '1/vS7TgL17u6MFL8Kz1J9oa6ZFzR7VQhGgqGJe32nkNqGuwoYe7G-1ROb_GuzoehN0',
  client_id: '563584335869-fgrhgmd47bqnekij5i8b5pr03ho849e6.apps.googleusercontent.com',
  client_secret: 'j9iVZfS8kkCEFUPaAeJV0sAi',
  grant_type: 'refresh_token',
  scope: 'email https://www.googleapis.com/auth/cloud-platform https://www.googleapis.com/auth/cloudplatformprojects.readonly https://www.googleapis.com/auth/firebase openid' } 
 Mon Mar 05 2018 14:28:00 GMT+0530 (IST)
[debug] [2018-03-05T08:58:01.150Z] <<< HTTP RESPONSE 200
[debug] [2018-03-05T08:58:01.302Z] >>> HTTP REQUEST GET https://admin.firebase.com/v1/projects/pwt-client  
  
 Mon Mar 05 2018 14:28:01 GMT+0530 (IST)
[debug] [2018-03-05T08:58:02.681Z] <<< HTTP RESPONSE 200
[debug] [2018-03-05T08:58:02.686Z] >>> HTTP REQUEST GET https://admin.firebase.com/v1/database/pwt-client/tokens  
  
 Mon Mar 05 2018 14:28:02 GMT+0530 (IST)
[debug] [2018-03-05T08:58:04.007Z] <<< HTTP RESPONSE 200
[info] 
[info] === Deploying to 'pwt-client'...
[info] 
[info] i  deploying hosting
[info] i  hosting: preparing dist directory for upload...
[debug] [2018-03-05T08:58:13.826Z] >>> HTTP REQUEST PUT https://deploy.firebase.com/v1/hosting/pwt-client/uploads/-L6pNhO-1TWpjEuluG6g?fileCount=528&message=  
  
 Mon Mar 05 2018 14:28:13 GMT+0530 (IST)
